<?xml version="1.0" encoding="UTF-8"?>
<!-- Generated by org.testng.reporters.JUnitReportReporter -->
<testsuite skipped="0" hostname="GSWD-WIgbal" name="theInternetTestNG.CheckboxesTestNG" tests="2" failures="0" timestamp="11 Dec 2017 17:41:03 GMT" time="20.446" errors="0">
  <testcase name="Navigate" time="19.304" classname="theInternetTestNG.CheckboxesTestNG"/>
  <testcase name="test" time="1.142" classname="theInternetTestNG.CheckboxesTestNG"/>
</testsuite> <!-- theInternetTestNG.CheckboxesTestNG -->
