<?xml version="1.0" encoding="UTF-8"?>
<!-- Generated by org.testng.reporters.JUnitReportReporter -->
<testsuite skipped="0" hostname="GSWD-WIgbal" name="theInternetTestNG.JavaScriptAlertTestNG" tests="2" failures="0" timestamp="11 Dec 2017 17:41:02 GMT" time="6.571" errors="0">
  <testcase name="Navigate" time="5.847" classname="theInternetTestNG.JavaScriptAlertTestNG"/>
  <testcase name="test" time="0.724" classname="theInternetTestNG.JavaScriptAlertTestNG"/>
</testsuite> <!-- theInternetTestNG.JavaScriptAlertTestNG -->
