<?xml version="1.0" encoding="UTF-8"?>
<!-- Generated by org.testng.reporters.JUnitReportReporter -->
<testsuite skipped="0" hostname="GSWD-WIgbal" name="theInternetTestNG.FramesTestNG" tests="2" failures="0" timestamp="11 Dec 2017 17:41:02 GMT" time="10.500" errors="0">
  <testcase name="test" time="2.079" classname="theInternetTestNG.FramesTestNG"/>
  <testcase name="Navigate" time="8.421" classname="theInternetTestNG.FramesTestNG"/>
</testsuite> <!-- theInternetTestNG.FramesTestNG -->
