<?xml version="1.0" encoding="UTF-8"?>
<!-- Generated by org.testng.reporters.JUnitReportReporter -->
<testsuite skipped="0" hostname="GSWD-WIgbal" name="theInternetTestNG.HoversTestNG" tests="2" failures="0" timestamp="11 Dec 2017 17:41:03 GMT" time="9.535" errors="0">
  <testcase name="Navigate" time="8.860" classname="theInternetTestNG.HoversTestNG"/>
  <testcase name="test" time="0.675" classname="theInternetTestNG.HoversTestNG"/>
</testsuite> <!-- theInternetTestNG.HoversTestNG -->
