<?xml version="1.0" encoding="UTF-8"?>
<!-- Generated by org.testng.reporters.JUnitReportReporter -->
<testsuite skipped="0" hostname="GSWD-WIgbal" name="theInternetTestNG.BasicAuthTestNG" tests="2" failures="0" timestamp="11 Dec 2017 17:41:03 GMT" time="14.814" errors="0">
  <testcase name="test" time="1.696" classname="theInternetTestNG.BasicAuthTestNG"/>
  <testcase name="Navigate" time="13.118" classname="theInternetTestNG.BasicAuthTestNG"/>
</testsuite> <!-- theInternetTestNG.BasicAuthTestNG -->
