<?xml version="1.0" encoding="UTF-8"?>
<!-- Generated by org.testng.reporters.JUnitReportReporter -->
<testsuite skipped="0" hostname="GSWD-WIgbal" name="theInternetTestNG.DropDownTestNG" tests="2" failures="0" timestamp="11 Dec 2017 17:41:02 GMT" time="15.958" errors="0">
  <testcase name="test" time="0.980" classname="theInternetTestNG.DropDownTestNG"/>
  <testcase name="Navigate" time="14.978" classname="theInternetTestNG.DropDownTestNG"/>
</testsuite> <!-- theInternetTestNG.DropDownTestNG -->
