<?xml version="1.0" encoding="UTF-8"?>
<!-- Generated by org.testng.reporters.JUnitReportReporter -->
<testsuite skipped="0" hostname="GSWD-WIgbal" name="theInternetTestNG.ForgotPasswordTestNG" tests="2" failures="0" timestamp="11 Dec 2017 17:41:02 GMT" time="10.650" errors="0">
  <testcase name="Navigate" time="9.516" classname="theInternetTestNG.ForgotPasswordTestNG"/>
  <testcase name="test" time="1.134" classname="theInternetTestNG.ForgotPasswordTestNG"/>
</testsuite> <!-- theInternetTestNG.ForgotPasswordTestNG -->
