<?xml version="1.0" encoding="UTF-8"?>
<!-- Generated by org.testng.reporters.JUnitReportReporter -->
<testsuite skipped="0" hostname="GSWD-WIgbal" name="theInternetTestNG.DynamicControlTestNG" tests="2" failures="0" timestamp="11 Dec 2017 17:41:02 GMT" time="11.267" errors="0">
  <testcase name="test" time="1.113" classname="theInternetTestNG.DynamicControlTestNG"/>
  <testcase name="Navigate" time="10.154" classname="theInternetTestNG.DynamicControlTestNG"/>
</testsuite> <!-- theInternetTestNG.DynamicControlTestNG -->
