<?xml version="1.0" encoding="UTF-8"?>
<!-- Generated by org.testng.reporters.JUnitReportReporter -->
<testsuite skipped="0" hostname="GSWD-WIgbal" name="theInternetTestNG.DynamicLoadingTestNG" tests="2" failures="0" timestamp="11 Dec 2017 21:16:37 GMT" time="30.807" errors="0">
  <testcase name="Navigate" time="14.752" classname="theInternetTestNG.DynamicLoadingTestNG"/>
  <testcase name="test" time="16.055" classname="theInternetTestNG.DynamicLoadingTestNG"/>
</testsuite> <!-- theInternetTestNG.DynamicLoadingTestNG -->
