<?xml version="1.0" encoding="UTF-8"?>
<!-- Generated by org.testng.reporters.JUnitReportReporter -->
<testsuite skipped="0" hostname="GSWD-WIgbal" name="theInternetTestNG.FramesTestNG" tests="2" failures="0" timestamp="11 Dec 2017 21:16:38 GMT" time="51.619" errors="0">
  <testcase name="Navigate" time="20.491" classname="theInternetTestNG.FramesTestNG"/>
  <testcase name="test" time="31.128" classname="theInternetTestNG.FramesTestNG"/>
</testsuite> <!-- theInternetTestNG.FramesTestNG -->
