<?xml version="1.0" encoding="UTF-8"?>
<!-- Generated by org.testng.reporters.JUnitReportReporter -->
<testsuite skipped="0" hostname="GSWD-WIgbal" name="theInternetTestNG.DynamicControlTestNG" tests="2" failures="0" timestamp="11 Dec 2017 21:16:37 GMT" time="28.207" errors="0">
  <testcase name="test" time="5.886" classname="theInternetTestNG.DynamicControlTestNG"/>
  <testcase name="Navigate" time="22.321" classname="theInternetTestNG.DynamicControlTestNG"/>
</testsuite> <!-- theInternetTestNG.DynamicControlTestNG -->
