<?xml version="1.0" encoding="UTF-8"?>
<!-- Generated by org.testng.reporters.JUnitReportReporter -->
<testsuite skipped="0" hostname="GSWD-WIgbal" name="theInternetTestNG.ForgotPasswordTestNG" tests="2" failures="0" timestamp="11 Dec 2017 21:16:38 GMT" time="30.924" errors="0">
  <testcase name="test" time="17.037" classname="theInternetTestNG.ForgotPasswordTestNG"/>
  <testcase name="Navigate" time="13.887" classname="theInternetTestNG.ForgotPasswordTestNG"/>
</testsuite> <!-- theInternetTestNG.ForgotPasswordTestNG -->
