<?xml version="1.0" encoding="UTF-8"?>
<!-- Generated by org.testng.reporters.JUnitReportReporter -->
<testsuite skipped="0" hostname="GSWD-WIgbal" name="theInternetTestNG.HoversTestNG" tests="2" failures="0" timestamp="11 Dec 2017 21:16:37 GMT" time="24.763" errors="0">
  <testcase name="test" time="2.797" classname="theInternetTestNG.HoversTestNG"/>
  <testcase name="Navigate" time="21.966" classname="theInternetTestNG.HoversTestNG"/>
</testsuite> <!-- theInternetTestNG.HoversTestNG -->
