<?xml version="1.0" encoding="UTF-8"?>
<!-- Generated by org.testng.reporters.JUnitReportReporter -->
<testsuite skipped="0" hostname="GSWD-WIgbal" name="theInternetTestNG.CheckboxesTestNG" tests="2" failures="0" timestamp="11 Dec 2017 21:16:38 GMT" time="67.026" errors="0">
  <testcase name="Navigate" time="46.276" classname="theInternetTestNG.CheckboxesTestNG"/>
  <testcase name="test" time="20.750" classname="theInternetTestNG.CheckboxesTestNG"/>
</testsuite> <!-- theInternetTestNG.CheckboxesTestNG -->
