<?xml version="1.0" encoding="UTF-8"?>
<!-- Generated by org.testng.reporters.JUnitReportReporter -->
<testsuite skipped="0" hostname="GSWD-WIgbal" name="theInternetTestNG.DropDownTestNG" tests="2" failures="0" timestamp="11 Dec 2017 21:16:37 GMT" time="27.447" errors="0">
  <testcase name="Navigate" time="22.281" classname="theInternetTestNG.DropDownTestNG"/>
  <testcase name="test" time="5.166" classname="theInternetTestNG.DropDownTestNG"/>
</testsuite> <!-- theInternetTestNG.DropDownTestNG -->
